<?xml version="1.0" encoding="UTF-8"?>
<!-- Generated by org.testng.reporters.JUnitReportReporter -->
<testsuite skipped="0" hostname="LAPTOP-6HD880PC" name="com.onlinehotel.NewTest" tests="1" failures="0" timestamp="2020-10-12T13:51:17 IST" time="59.600" errors="0">
  <testcase name="booking" time="59.600" classname="com.onlinehotel.NewTest"/>
  <system-out/>
</testsuite> <!-- com.onlinehotel.NewTest -->
